


ARM Macro Assembler    Page 1 


    1 00000000         ;Se deben utilizar resistencias PULL-DOWN
    2 00000000         
    3 00000000         
    4 00000000         
    5 00000000         
    6 00000000 40004010 
                       PA2     EQU              0x40004010
    7 00000000 40004080 
                       PA5     EQU              0x40004080
    8 00000000 40004100 
                       PA6     EQU              0x40004100
    9 00000000 40004200 
                       PA7     EQU              0x40004200
   10 00000000 0196E6AB 
                       FIVESEC EQU              26666667    ; approximately 5s 
                                                            delay at ~16 MHz cl
                                                            ock
   11 00000000 00F42400 
                       THREESEC
                               EQU              16000000
   12 00000000 004C4B40 
                       TWOSEC  EQU              5000000
   13 00000000         ;ONESEC EQU 2150555 ;Tiempo para los giros de 90 grados
   14 00000000 003B8260 
                       ONESEC  EQU              3900000
   15 00000000         ;Registros para puerto D
   16 00000000 4000703C 
                       LEDS    EQU              0x4000703C  ; Acceso a PD3-PD0
   17 00000000         ;PD0 enciende con 0x01 ---- IN1
   18 00000000         ;PD1 enciende con 0x02   --- IN2
   19 00000000         ;PD2 enciende con 0x04 ---- IN3
   20 00000000         ;PD3 enciende con 0x08 ---- IN4
   21 00000000 00000001 
                       IN1     EQU              0x01
   22 00000000 00000002 
                       IN2     EQU              0x02
   23 00000000 00000004 
                       IN3     EQU              0x04
   24 00000000 00000008 
                       IN4     EQU              0x08
   25 00000000 00000000 
                       APAGAR  EQU              0x00
   26 00000000         
   27 00000000 00000004 
                       BLUE    EQU              0x04
   28 00000000         
   29 00000000                 AREA             |.text|, CODE, READONLY, ALIGN=
2
   30 00000000                 THUMB
   31 00000000                 EXPORT           PA5PRESSED
   32 00000000                 IMPORT           PortF_Output
   33 00000000                 IMPORT           delay
   34 00000000                 IMPORT           Loop
   35 00000000         PA5PRESSED
   36 00000000 F04F 0400       MOV              R4,#0
   37 00000004 F04F 0404       MOV              R4,#BLUE    ;se enciende el led
                                                             azul PF2
   38 00000008 F7FF FFFE       BL               PortF_Output
   39 0000000C BF00            NOP



ARM Macro Assembler    Page 2 


   40 0000000E BF00            NOP
   41 00000010 4835            LDR              R0,=FIVESEC ;Asigna valor de re
                                                            tardo
   42 00000012 F7FF FFFE       BL               delay       ;Ejecuta el retardo
                                                            
   43 00000016         ;Aqui comenzar la funcion
   44 00000016         ;Mover recto
   45 00000016 F04F 0105       LDR              R1,=(IN1+IN3)
   46 0000001A 4834            LDR              R0, =LEDS   ;se asigna R0 como 
                                                            registro de control
                                                             para los puertos D
                                                            
   47 0000001C 6001            STR              R1, [R0]    ; [R0] = R1 = 9 PD0
                                                             ENCIENDE - IN4
   48 0000001E 4834            LDR              R0,=TWOSEC
   49 00000020 F7FF FFFE       BL               delay
   50 00000024 F04F 0100       LDR              R1,=APAGAR
   51 00000028 4830            LDR              R0, =LEDS   ;se asigna R0 como 
                                                            registro de control
                                                             para los puertos D
                                                            
   52 0000002A 6001            STR              R1, [R0]
   53 0000002C         ;Giro
   54 0000002C F04F 0104       LDR              R1,=(IN3)
   55 00000030 482E            LDR              R0, =LEDS   ;se asigna R0 como 
                                                            registro de control
                                                             para los puertos D
                                                            
   56 00000032 6001            STR              R1, [R0]    ; [R0] = R1 = 9 PD0
                                                             ENCIENDE - IN4
   57 00000034 482F            LDR              R0,=ONESEC
   58 00000036 F7FF FFFE       BL               delay
   59 0000003A F04F 0100       LDR              R1,=APAGAR
   60 0000003E 482B            LDR              R0, =LEDS   ;se asigna R0 como 
                                                            registro de control
                                                             para los puertos D
                                                            
   61 00000040 6001            STR              R1, [R0]
   62 00000042         ;Mover recto
   63 00000042 F04F 0105       LDR              R1,=(IN1+IN3)
   64 00000046 4829            LDR              R0, =LEDS   ;se asigna R0 como 
                                                            registro de control
                                                             para los puertos D
                                                            
   65 00000048 6001            STR              R1, [R0]    ; [R0] = R1 = 9 PD0
                                                             ENCIENDE - IN4
   66 0000004A 482B            LDR              R0,=1766667
   67 0000004C F7FF FFFE       BL               delay
   68 00000050 F04F 0100       LDR              R1,=APAGAR
   69 00000054 4825            LDR              R0, =LEDS   ;se asigna R0 como 
                                                            registro de control
                                                             para los puertos D
                                                            
   70 00000056 6001            STR              R1, [R0]
   71 00000058         ;Giro
   72 00000058 F04F 0104       LDR              R1,=(IN3)
   73 0000005C 4823            LDR              R0, =LEDS   ;se asigna R0 como 
                                                            registro de control
                                                             para los puertos D



ARM Macro Assembler    Page 3 


                                                            
   74 0000005E 6001            STR              R1, [R0]    ; [R0] = R1 = 9 PD0
                                                             ENCIENDE - IN4
   75 00000060 4826            LDR              R0,=3200000
   76 00000062 F7FF FFFE       BL               delay
   77 00000066 F04F 0100       LDR              R1,=APAGAR
   78 0000006A 4820            LDR              R0, =LEDS   ;se asigna R0 como 
                                                            registro de control
                                                             para los puertos D
                                                            
   79 0000006C 6001            STR              R1, [R0]
   80 0000006E         ;Mover recto
   81 0000006E F04F 0105       LDR              R1,=(IN1+IN3)
   82 00000072 481E            LDR              R0, =LEDS   ;se asigna R0 como 
                                                            registro de control
                                                             para los puertos D
                                                            
   83 00000074 6001            STR              R1, [R0]    ; [R0] = R1 = 9 PD0
                                                             ENCIENDE - IN4
   84 00000076 481E            LDR              R0,=TWOSEC
   85 00000078 F7FF FFFE       BL               delay
   86 0000007C F04F 0100       LDR              R1,=APAGAR
   87 00000080 481A            LDR              R0, =LEDS   ;se asigna R0 como 
                                                            registro de control
                                                             para los puertos D
                                                            
   88 00000082 6001            STR              R1, [R0]
   89 00000084         ;Giro
   90 00000084 F04F 0101       LDR              R1,=(IN1)
   91 00000088 4818            LDR              R0, =LEDS   ;se asigna R0 como 
                                                            registro de control
                                                             para los puertos D
                                                            
   92 0000008A 6001            STR              R1, [R0]    ; [R0] = R1 = 9 PD0
                                                             ENCIENDE - IN4
   93 0000008C 481C            LDR              R0,=4200000
   94 0000008E F7FF FFFE       BL               delay
   95 00000092 F04F 0100       LDR              R1,=APAGAR
   96 00000096 4815            LDR              R0, =LEDS   ;se asigna R0 como 
                                                            registro de control
                                                             para los puertos D
                                                            
   97 00000098 6001            STR              R1, [R0]
   98 0000009A         ;Mover recto
   99 0000009A F04F 0105       LDR              R1,=(IN1+IN3)
  100 0000009E 4813            LDR              R0, =LEDS   ;se asigna R0 como 
                                                            registro de control
                                                             para los puertos D
                                                            
  101 000000A0 6001            STR              R1, [R0]    ; [R0] = R1 = 9 PD0
                                                             ENCIENDE - IN4
  102 000000A2 4813            LDR              R0,=TWOSEC
  103 000000A4 F7FF FFFE       BL               delay
  104 000000A8 F04F 0100       LDR              R1,=APAGAR
  105 000000AC 480F            LDR              R0, =LEDS   ;se asigna R0 como 
                                                            registro de control
                                                             para los puertos D
                                                            
  106 000000AE 6001            STR              R1, [R0]



ARM Macro Assembler    Page 4 


  107 000000B0         ;Giro
  108 000000B0 F04F 0101       LDR              R1,=(IN1)
  109 000000B4 480D            LDR              R0, =LEDS   ;se asigna R0 como 
                                                            registro de control
                                                             para los puertos D
                                                            
  110 000000B6 6001            STR              R1, [R0]    ; [R0] = R1 = 9 PD0
                                                             ENCIENDE - IN4
  111 000000B8 4812            LDR              R0,=4100000
  112 000000BA F7FF FFFE       BL               delay
  113 000000BE F04F 0100       LDR              R1,=APAGAR
  114 000000C2 480A            LDR              R0, =LEDS   ;se asigna R0 como 
                                                            registro de control
                                                             para los puertos D
                                                            
  115 000000C4 6001            STR              R1, [R0]
  116 000000C6         ;Mover recto
  117 000000C6 F04F 0105       LDR              R1,=(IN1+IN3)
  118 000000CA 4808            LDR              R0, =LEDS   ;se asigna R0 como 
                                                            registro de control
                                                             para los puertos D
                                                            
  119 000000CC 6001            STR              R1, [R0]    ; [R0] = R1 = 9 PD0
                                                             ENCIENDE - IN4
  120 000000CE 4808            LDR              R0,=TWOSEC
  121 000000D0 F7FF FFFE       BL               delay
  122 000000D4 F04F 0100       LDR              R1,=APAGAR
  123 000000D8 4804            LDR              R0, =LEDS   ;se asigna R0 como 
                                                            registro de control
                                                             para los puertos D
                                                            
  124 000000DA 6001            STR              R1, [R0]
  125 000000DC         
  126 000000DC F04F 0400       MOV              R4,#0       ;se asigna 0 al val
                                                            or de salida de PF2
                                                            
  127 000000E0 F7FF FFFE       BL               PortF_Output ;establece valor d
                                                            e salida de PF2
  128 000000E4 F7FF FFFE       BL               Loop
  129 000000E8         
  130 000000E8                 ALIGN
  131 000000E8                 END
              0196E6AB 
              4000703C 
              004C4B40 
              003B8260 
              001AF50B 
              0030D400 
              00401640 
              003E8FA0 
Command Line: --debug --xref --diag_suppress=9931 --cpu=Cortex-M4.fp --apcs=int
erwork --depend=.\objects\funcion2.d -o.\objects\funcion2.o -I.\RTE\_Target_1 -
I"C:\Users\Luis Hernandez\AppData\Local\Arm\Packs\Keil\TM4C_DFP\1.1.0\Device\In
clude\TM4C123" -IC:\ARM\CMSIS\Include --predefine="__EVAL SETA 1" --predefine="
__UVISION_VERSION SETA 528" --predefine="TM4C123GH6PM SETA 1" --list=.\listings
\funcion2.lst Funcion2.s



ARM Macro Assembler    Page 1 Alphabetic symbol ordering
Relocatable symbols

.text 00000000

Symbol: .text
   Definitions
      At line 29 in file Funcion2.s
   Uses
      None
Comment: .text unused
PA5PRESSED 00000000

Symbol: PA5PRESSED
   Definitions
      At line 35 in file Funcion2.s
   Uses
      At line 31 in file Funcion2.s
Comment: PA5PRESSED used once
2 symbols



ARM Macro Assembler    Page 1 Alphabetic symbol ordering
Absolute symbols

APAGAR 00000000

Symbol: APAGAR
   Definitions
      At line 25 in file Funcion2.s
   Uses
      At line 50 in file Funcion2.s
      At line 59 in file Funcion2.s
      At line 68 in file Funcion2.s
      At line 77 in file Funcion2.s
      At line 86 in file Funcion2.s
      At line 95 in file Funcion2.s
      At line 104 in file Funcion2.s
      At line 113 in file Funcion2.s
      At line 122 in file Funcion2.s

BLUE 00000004

Symbol: BLUE
   Definitions
      At line 27 in file Funcion2.s
   Uses
      At line 37 in file Funcion2.s
Comment: BLUE used once
FIVESEC 0196E6AB

Symbol: FIVESEC
   Definitions
      At line 10 in file Funcion2.s
   Uses
      At line 41 in file Funcion2.s
Comment: FIVESEC used once
IN1 00000001

Symbol: IN1
   Definitions
      At line 21 in file Funcion2.s
   Uses
      At line 45 in file Funcion2.s
      At line 63 in file Funcion2.s
      At line 81 in file Funcion2.s
      At line 90 in file Funcion2.s
      At line 99 in file Funcion2.s
      At line 108 in file Funcion2.s
      At line 117 in file Funcion2.s

IN2 00000002

Symbol: IN2
   Definitions
      At line 22 in file Funcion2.s
   Uses
      None
Comment: IN2 unused
IN3 00000004

Symbol: IN3
   Definitions
      At line 23 in file Funcion2.s



ARM Macro Assembler    Page 2 Alphabetic symbol ordering
Absolute symbols

   Uses
      At line 45 in file Funcion2.s
      At line 54 in file Funcion2.s
      At line 63 in file Funcion2.s
      At line 72 in file Funcion2.s
      At line 81 in file Funcion2.s
      At line 99 in file Funcion2.s
      At line 117 in file Funcion2.s

IN4 00000008

Symbol: IN4
   Definitions
      At line 24 in file Funcion2.s
   Uses
      None
Comment: IN4 unused
LEDS 4000703C

Symbol: LEDS
   Definitions
      At line 16 in file Funcion2.s
   Uses
      At line 46 in file Funcion2.s
      At line 51 in file Funcion2.s
      At line 55 in file Funcion2.s
      At line 60 in file Funcion2.s
      At line 64 in file Funcion2.s
      At line 69 in file Funcion2.s
      At line 73 in file Funcion2.s
      At line 78 in file Funcion2.s
      At line 82 in file Funcion2.s
      At line 87 in file Funcion2.s
      At line 91 in file Funcion2.s
      At line 96 in file Funcion2.s
      At line 100 in file Funcion2.s
      At line 105 in file Funcion2.s
      At line 109 in file Funcion2.s
      At line 114 in file Funcion2.s
      At line 118 in file Funcion2.s
      At line 123 in file Funcion2.s

ONESEC 003B8260

Symbol: ONESEC
   Definitions
      At line 14 in file Funcion2.s
   Uses
      At line 57 in file Funcion2.s
Comment: ONESEC used once
PA2 40004010

Symbol: PA2
   Definitions
      At line 6 in file Funcion2.s
   Uses
      None
Comment: PA2 unused
PA5 40004080



ARM Macro Assembler    Page 3 Alphabetic symbol ordering
Absolute symbols


Symbol: PA5
   Definitions
      At line 7 in file Funcion2.s
   Uses
      None
Comment: PA5 unused
PA6 40004100

Symbol: PA6
   Definitions
      At line 8 in file Funcion2.s
   Uses
      None
Comment: PA6 unused
PA7 40004200

Symbol: PA7
   Definitions
      At line 9 in file Funcion2.s
   Uses
      None
Comment: PA7 unused
THREESEC 00F42400

Symbol: THREESEC
   Definitions
      At line 11 in file Funcion2.s
   Uses
      None
Comment: THREESEC unused
TWOSEC 004C4B40

Symbol: TWOSEC
   Definitions
      At line 12 in file Funcion2.s
   Uses
      At line 48 in file Funcion2.s
      At line 84 in file Funcion2.s
      At line 102 in file Funcion2.s
      At line 120 in file Funcion2.s

15 symbols



ARM Macro Assembler    Page 1 Alphabetic symbol ordering
External symbols

Loop 00000000

Symbol: Loop
   Definitions
      At line 34 in file Funcion2.s
   Uses
      At line 128 in file Funcion2.s
Comment: Loop used once
PortF_Output 00000000

Symbol: PortF_Output
   Definitions
      At line 32 in file Funcion2.s
   Uses
      At line 38 in file Funcion2.s
      At line 127 in file Funcion2.s

delay 00000000

Symbol: delay
   Definitions
      At line 33 in file Funcion2.s
   Uses
      At line 42 in file Funcion2.s
      At line 49 in file Funcion2.s
      At line 58 in file Funcion2.s
      At line 67 in file Funcion2.s
      At line 76 in file Funcion2.s
      At line 85 in file Funcion2.s
      At line 94 in file Funcion2.s
      At line 103 in file Funcion2.s
      At line 112 in file Funcion2.s
      At line 121 in file Funcion2.s

3 symbols
356 symbols in table
