


ARM Macro Assembler    Page 1 


    1 00000000         ;Se deben utilizar resistencias PULL-DOWN
    2 00000000         
    3 00000000         ;Registros para puerto A
    4 00000000 40004400 
                       GPIO_PORTA_DIR_R
                               EQU              0x40004400
    5 00000000 40004420 
                       GPIO_PORTA_AFSEL_R
                               EQU              0x40004420
    6 00000000 40004510 
                       GPIO_PORTA_PUR_R
                               EQU              0x40004510
    7 00000000 4000451C 
                       GPIO_PORTA_DEN_R
                               EQU              0x4000451C
    8 00000000 40004520 
                       GPIO_PORTA_LOCK_R
                               EQU              0x40004520
    9 00000000 40004524 
                       GPIO_PORTA_CR_R
                               EQU              0x40004524
   10 00000000 40004528 
                       GPIO_PORTA_AMSEL_R
                               EQU              0x40004528
   11 00000000 4000452C 
                       GPIO_PORTA_PCTL_R
                               EQU              0x4000452C
   12 00000000 40004404 
                       GPIO_IS_R
                               EQU              0x40004404
   13 00000000 40004408 
                       GPIO_IBE_R
                               EQU              0x40004408
   14 00000000 4000440C 
                       GPIO_IEV_R
                               EQU              0x4000440C
   15 00000000 40004410 
                       GPIO_IM_R
                               EQU              0x40004410
   16 00000000 4000441C 
                       GPIO_ICR_R
                               EQU              0x4000441C
   17 00000000         
   18 00000000         
   19 00000000 40004010 
                       PA2     EQU              0x40004010
   20 00000000 40004080 
                       PA5     EQU              0x40004080
   21 00000000 40004100 
                       PA6     EQU              0x40004100
   22 00000000 40004200 
                       PA7     EQU              0x40004200
   23 00000000 0196E6AB 
                       FIVESEC EQU              26666667    ; approximately 5s 
                                                            delay at ~16 MHz cl
                                                            ock
   24 00000000 00F42400 
                       THREESEC
                               EQU              16000000



ARM Macro Assembler    Page 2 


   25 00000000 00A2C2AB 
                       TWOSEC  EQU              10666667
   26 00000000 0028B0AB 
                       ONESEC  EQU              2666667     ;Tiempo para los gi
                                                            ros de 90 grados
   27 00000000         ;Registros para puerto D
   28 00000000 4000703C 
                       LEDS    EQU              0x4000703C  ; Acceso a PD3-PD0
   29 00000000         ;PD0 enciende con 0x01 ---- IN1
   30 00000000         ;PD1 enciende con 0x02   --- IN2
   31 00000000         ;PD2 enciende con 0x04 ---- IN3
   32 00000000         ;PD3 enciende con 0x08 ---- IN4
   33 00000000 00000001 
                       IN1     EQU              0x01
   34 00000000 00000002 
                       IN2     EQU              0x02
   35 00000000 00000004 
                       IN3     EQU              0x04
   36 00000000 00000008 
                       IN4     EQU              0x08
   37 00000000 00000000 
                       APAGAR  EQU              0x00
   38 00000000 40007400 
                       GPIO_PORTD_DIR_R
                               EQU              0x40007400  ;establece si será 
                                                            entrada o salida
   39 00000000 40007420 
                       GPIO_PORTD_AFSEL_R
                               EQU              0x40007420  ;deshabilita otras 
                                                            funciones, establec
                                                            e el puerto como I/
                                                            O
   40 00000000 40007508 
                       GPIO_PORTD_DR8R_R
                               EQU              0x40007508  ;GPIO 8-mA Drive Se
                                                            lect
   41 00000000 4000751C 
                       GPIO_PORTD_DEN_R
                               EQU              0x4000751C  ;habilita la funció
                                                            n digital
   42 00000000 40007528 
                       GPIO_PORTD_AMSEL_R
                               EQU              0x40007528  ;funciones analogic
                                                            as
   43 00000000 4000752C 
                       GPIO_PORTD_PCTL_R
                               EQU              0x4000752C  ;habilita los puert
                                                            os como GPIO
   44 00000000 400FE608 
                       SYSCTL_RCGCGPIO_R
                               EQU              0x400FE608  ;registro de reloj 
                                                            en general
   45 00000000 00000008 
                       SYSCTL_RCGC2_GPIOD
                               EQU              0x00000008  ; puerto D Clock Ga
                                                            ting Control
   46 00000000         
   47 00000000         ;Registros para puerto F 
   48 00000000 400253FC 



ARM Macro Assembler    Page 3 


                       GPIO_PORTF_DATA_R
                               EQU              0x400253FC
   49 00000000 40025400 
                       GPIO_PORTF_DIR_R
                               EQU              0x40025400
   50 00000000 40025420 
                       GPIO_PORTF_AFSEL_R
                               EQU              0x40025420
   51 00000000 4002551C 
                       GPIO_PORTF_DEN_R
                               EQU              0x4002551C
   52 00000000 40025520 
                       GPIO_PORTF_LOCK_R
                               EQU              0x40025520
   53 00000000 40025524 
                       GPIO_PORTF_CR_R
                               EQU              0x40025524
   54 00000000 40025528 
                       GPIO_PORTF_AMSEL_R
                               EQU              0x40025528
   55 00000000 4002552C 
                       GPIO_PORTF_PCTL_R
                               EQU              0x4002552C
   56 00000000 00000002 
                       RED     EQU              0x02
   57 00000000 00000004 
                       BLUE    EQU              0x04
   58 00000000 00000008 
                       GREEN   EQU              0x08
   59 00000000                 AREA             |.text|, CODE, READONLY, ALIGN=
2
   60 00000000                 THUMB
   61 00000000                 EXPORT           Loop
   62 00000000                 IMPORT           PA2PRESSED
   63 00000000                 IMPORT           PA5PRESSED
   64 00000000                 IMPORT           PA6PRESSED
   65 00000000                 IMPORT           PA7PRESSED
   66 00000000         Loop
   67 00000000         ;PUSH {LR}
   68 00000000         ;LEER PA2
   69 00000000 4B0D            LDR              R3,=PA2     ; pointer to PA2
   70 00000002 F000 F816       BL               Switch_Input ; read all of the 
                                                            switches on Port A
   71 00000006 2C04            CMP              R4, #0x04   ; R0 == 0x04?
   72 00000008 F43F AFFE       BEQ              PA2PRESSED  ; if so, switch 1 p
                                                            ressed
   73 0000000C         ;LEER PA5
   74 0000000C 4B0B            LDR              R3, =PA5    ; pointer to PA5
   75 0000000E F000 F810       BL               Switch_Input ; read all of the 
                                                            switches on Port A
   76 00000012 2C20            CMP              R4, #0x20   ; R0 == 0x20?
   77 00000014 F43F AFFE       BEQ              PA5PRESSED  ; if so, switch 1 p
                                                            ressed
   78 00000018         
   79 00000018         ;LEER PA6
   80 00000018 4B09            LDR              R3, =PA6    ; pointer to PA6
   81 0000001A F000 F80A       BL               Switch_Input ; read all of the 
                                                            switches on Port A
   82 0000001E 2C40            CMP              R4, #0x40   ; R0 == 0x40?



ARM Macro Assembler    Page 4 


   83 00000020 F43F AFFE       BEQ              PA6PRESSED  ; if so, switch 1 p
                                                            ressed
   84 00000024         
   85 00000024         ;LEER PA7
   86 00000024 4B07            LDR              R3, =PA7    ; pointer to PA7
   87 00000026 F000 F804       BL               Switch_Input ; read all of the 
                                                            switches on Port A
   88 0000002A 2C80            CMP              R4, #0x80   ; R0 == 0x80?
   89 0000002C F43F AFFE       BEQ              PA7PRESSED  ; if so, switch 1 p
                                                            ressed
   90 00000030         ;POP {PC}
   91 00000030 E7FE            B                Loop
   92 00000032         
   93 00000032         Switch_Input
   94 00000032 681C            LDR              R4, [R3]    ; read just PA5
   95 00000034 4770            BX               LR
   96 00000036         
   97 00000036 00 00           ALIGN
   98 00000038                 END
              40004010 
              40004080 
              40004100 
              40004200 
Command Line: --debug --xref --diag_suppress=9931 --cpu=Cortex-M4.fp --apcs=int
erwork --depend=.\objects\read_button.d -o.\objects\read_button.o -I.\RTE\_Targ
et_1 -I"C:\Users\Luis Hernandez\AppData\Local\Arm\Packs\Keil\TM4C_DFP\1.1.0\Dev
ice\Include\TM4C123" -IC:\ARM\CMSIS\Include --predefine="__EVAL SETA 1" --prede
fine="__UVISION_VERSION SETA 528" --predefine="TM4C123GH6PM SETA 1" --list=.\li
stings\read_button.lst Read_Button.s



ARM Macro Assembler    Page 1 Alphabetic symbol ordering
Relocatable symbols

.text 00000000

Symbol: .text
   Definitions
      At line 59 in file Read_Button.s
   Uses
      None
Comment: .text unused
Loop 00000000

Symbol: Loop
   Definitions
      At line 66 in file Read_Button.s
   Uses
      At line 61 in file Read_Button.s
      At line 91 in file Read_Button.s

Switch_Input 00000032

Symbol: Switch_Input
   Definitions
      At line 93 in file Read_Button.s
   Uses
      At line 70 in file Read_Button.s
      At line 75 in file Read_Button.s
      At line 81 in file Read_Button.s
      At line 87 in file Read_Button.s

3 symbols



ARM Macro Assembler    Page 1 Alphabetic symbol ordering
Absolute symbols

APAGAR 00000000

Symbol: APAGAR
   Definitions
      At line 37 in file Read_Button.s
   Uses
      None
Comment: APAGAR unused
BLUE 00000004

Symbol: BLUE
   Definitions
      At line 57 in file Read_Button.s
   Uses
      None
Comment: BLUE unused
FIVESEC 0196E6AB

Symbol: FIVESEC
   Definitions
      At line 23 in file Read_Button.s
   Uses
      None
Comment: FIVESEC unused
GPIO_IBE_R 40004408

Symbol: GPIO_IBE_R
   Definitions
      At line 13 in file Read_Button.s
   Uses
      None
Comment: GPIO_IBE_R unused
GPIO_ICR_R 4000441C

Symbol: GPIO_ICR_R
   Definitions
      At line 16 in file Read_Button.s
   Uses
      None
Comment: GPIO_ICR_R unused
GPIO_IEV_R 4000440C

Symbol: GPIO_IEV_R
   Definitions
      At line 14 in file Read_Button.s
   Uses
      None
Comment: GPIO_IEV_R unused
GPIO_IM_R 40004410

Symbol: GPIO_IM_R
   Definitions
      At line 15 in file Read_Button.s
   Uses
      None
Comment: GPIO_IM_R unused
GPIO_IS_R 40004404

Symbol: GPIO_IS_R



ARM Macro Assembler    Page 2 Alphabetic symbol ordering
Absolute symbols

   Definitions
      At line 12 in file Read_Button.s
   Uses
      None
Comment: GPIO_IS_R unused
GPIO_PORTA_AFSEL_R 40004420

Symbol: GPIO_PORTA_AFSEL_R
   Definitions
      At line 5 in file Read_Button.s
   Uses
      None
Comment: GPIO_PORTA_AFSEL_R unused
GPIO_PORTA_AMSEL_R 40004528

Symbol: GPIO_PORTA_AMSEL_R
   Definitions
      At line 10 in file Read_Button.s
   Uses
      None
Comment: GPIO_PORTA_AMSEL_R unused
GPIO_PORTA_CR_R 40004524

Symbol: GPIO_PORTA_CR_R
   Definitions
      At line 9 in file Read_Button.s
   Uses
      None
Comment: GPIO_PORTA_CR_R unused
GPIO_PORTA_DEN_R 4000451C

Symbol: GPIO_PORTA_DEN_R
   Definitions
      At line 7 in file Read_Button.s
   Uses
      None
Comment: GPIO_PORTA_DEN_R unused
GPIO_PORTA_DIR_R 40004400

Symbol: GPIO_PORTA_DIR_R
   Definitions
      At line 4 in file Read_Button.s
   Uses
      None
Comment: GPIO_PORTA_DIR_R unused
GPIO_PORTA_LOCK_R 40004520

Symbol: GPIO_PORTA_LOCK_R
   Definitions
      At line 8 in file Read_Button.s
   Uses
      None
Comment: GPIO_PORTA_LOCK_R unused
GPIO_PORTA_PCTL_R 4000452C

Symbol: GPIO_PORTA_PCTL_R
   Definitions
      At line 11 in file Read_Button.s
   Uses



ARM Macro Assembler    Page 3 Alphabetic symbol ordering
Absolute symbols

      None
Comment: GPIO_PORTA_PCTL_R unused
GPIO_PORTA_PUR_R 40004510

Symbol: GPIO_PORTA_PUR_R
   Definitions
      At line 6 in file Read_Button.s
   Uses
      None
Comment: GPIO_PORTA_PUR_R unused
GPIO_PORTD_AFSEL_R 40007420

Symbol: GPIO_PORTD_AFSEL_R
   Definitions
      At line 39 in file Read_Button.s
   Uses
      None
Comment: GPIO_PORTD_AFSEL_R unused
GPIO_PORTD_AMSEL_R 40007528

Symbol: GPIO_PORTD_AMSEL_R
   Definitions
      At line 42 in file Read_Button.s
   Uses
      None
Comment: GPIO_PORTD_AMSEL_R unused
GPIO_PORTD_DEN_R 4000751C

Symbol: GPIO_PORTD_DEN_R
   Definitions
      At line 41 in file Read_Button.s
   Uses
      None
Comment: GPIO_PORTD_DEN_R unused
GPIO_PORTD_DIR_R 40007400

Symbol: GPIO_PORTD_DIR_R
   Definitions
      At line 38 in file Read_Button.s
   Uses
      None
Comment: GPIO_PORTD_DIR_R unused
GPIO_PORTD_DR8R_R 40007508

Symbol: GPIO_PORTD_DR8R_R
   Definitions
      At line 40 in file Read_Button.s
   Uses
      None
Comment: GPIO_PORTD_DR8R_R unused
GPIO_PORTD_PCTL_R 4000752C

Symbol: GPIO_PORTD_PCTL_R
   Definitions
      At line 43 in file Read_Button.s
   Uses
      None
Comment: GPIO_PORTD_PCTL_R unused
GPIO_PORTF_AFSEL_R 40025420



ARM Macro Assembler    Page 4 Alphabetic symbol ordering
Absolute symbols


Symbol: GPIO_PORTF_AFSEL_R
   Definitions
      At line 50 in file Read_Button.s
   Uses
      None
Comment: GPIO_PORTF_AFSEL_R unused
GPIO_PORTF_AMSEL_R 40025528

Symbol: GPIO_PORTF_AMSEL_R
   Definitions
      At line 54 in file Read_Button.s
   Uses
      None
Comment: GPIO_PORTF_AMSEL_R unused
GPIO_PORTF_CR_R 40025524

Symbol: GPIO_PORTF_CR_R
   Definitions
      At line 53 in file Read_Button.s
   Uses
      None
Comment: GPIO_PORTF_CR_R unused
GPIO_PORTF_DATA_R 400253FC

Symbol: GPIO_PORTF_DATA_R
   Definitions
      At line 48 in file Read_Button.s
   Uses
      None
Comment: GPIO_PORTF_DATA_R unused
GPIO_PORTF_DEN_R 4002551C

Symbol: GPIO_PORTF_DEN_R
   Definitions
      At line 51 in file Read_Button.s
   Uses
      None
Comment: GPIO_PORTF_DEN_R unused
GPIO_PORTF_DIR_R 40025400

Symbol: GPIO_PORTF_DIR_R
   Definitions
      At line 49 in file Read_Button.s
   Uses
      None
Comment: GPIO_PORTF_DIR_R unused
GPIO_PORTF_LOCK_R 40025520

Symbol: GPIO_PORTF_LOCK_R
   Definitions
      At line 52 in file Read_Button.s
   Uses
      None
Comment: GPIO_PORTF_LOCK_R unused
GPIO_PORTF_PCTL_R 4002552C

Symbol: GPIO_PORTF_PCTL_R
   Definitions



ARM Macro Assembler    Page 5 Alphabetic symbol ordering
Absolute symbols

      At line 55 in file Read_Button.s
   Uses
      None
Comment: GPIO_PORTF_PCTL_R unused
GREEN 00000008

Symbol: GREEN
   Definitions
      At line 58 in file Read_Button.s
   Uses
      None
Comment: GREEN unused
IN1 00000001

Symbol: IN1
   Definitions
      At line 33 in file Read_Button.s
   Uses
      None
Comment: IN1 unused
IN2 00000002

Symbol: IN2
   Definitions
      At line 34 in file Read_Button.s
   Uses
      None
Comment: IN2 unused
IN3 00000004

Symbol: IN3
   Definitions
      At line 35 in file Read_Button.s
   Uses
      None
Comment: IN3 unused
IN4 00000008

Symbol: IN4
   Definitions
      At line 36 in file Read_Button.s
   Uses
      None
Comment: IN4 unused
LEDS 4000703C

Symbol: LEDS
   Definitions
      At line 28 in file Read_Button.s
   Uses
      None
Comment: LEDS unused
ONESEC 0028B0AB

Symbol: ONESEC
   Definitions
      At line 26 in file Read_Button.s
   Uses
      None



ARM Macro Assembler    Page 6 Alphabetic symbol ordering
Absolute symbols

Comment: ONESEC unused
PA2 40004010

Symbol: PA2
   Definitions
      At line 19 in file Read_Button.s
   Uses
      At line 69 in file Read_Button.s
Comment: PA2 used once
PA5 40004080

Symbol: PA5
   Definitions
      At line 20 in file Read_Button.s
   Uses
      At line 74 in file Read_Button.s
Comment: PA5 used once
PA6 40004100

Symbol: PA6
   Definitions
      At line 21 in file Read_Button.s
   Uses
      At line 80 in file Read_Button.s
Comment: PA6 used once
PA7 40004200

Symbol: PA7
   Definitions
      At line 22 in file Read_Button.s
   Uses
      At line 86 in file Read_Button.s
Comment: PA7 used once
RED 00000002

Symbol: RED
   Definitions
      At line 56 in file Read_Button.s
   Uses
      None
Comment: RED unused
SYSCTL_RCGC2_GPIOD 00000008

Symbol: SYSCTL_RCGC2_GPIOD
   Definitions
      At line 45 in file Read_Button.s
   Uses
      None
Comment: SYSCTL_RCGC2_GPIOD unused
SYSCTL_RCGCGPIO_R 400FE608

Symbol: SYSCTL_RCGCGPIO_R
   Definitions
      At line 44 in file Read_Button.s
   Uses
      None
Comment: SYSCTL_RCGCGPIO_R unused
THREESEC 00F42400




ARM Macro Assembler    Page 7 Alphabetic symbol ordering
Absolute symbols

Symbol: THREESEC
   Definitions
      At line 24 in file Read_Button.s
   Uses
      None
Comment: THREESEC unused
TWOSEC 00A2C2AB

Symbol: TWOSEC
   Definitions
      At line 25 in file Read_Button.s
   Uses
      None
Comment: TWOSEC unused
46 symbols



ARM Macro Assembler    Page 1 Alphabetic symbol ordering
External symbols

PA2PRESSED 00000000

Symbol: PA2PRESSED
   Definitions
      At line 62 in file Read_Button.s
   Uses
      At line 72 in file Read_Button.s
Comment: PA2PRESSED used once
PA5PRESSED 00000000

Symbol: PA5PRESSED
   Definitions
      At line 63 in file Read_Button.s
   Uses
      At line 77 in file Read_Button.s
Comment: PA5PRESSED used once
PA6PRESSED 00000000

Symbol: PA6PRESSED
   Definitions
      At line 64 in file Read_Button.s
   Uses
      At line 83 in file Read_Button.s
Comment: PA6PRESSED used once
PA7PRESSED 00000000

Symbol: PA7PRESSED
   Definitions
      At line 65 in file Read_Button.s
   Uses
      At line 89 in file Read_Button.s
Comment: PA7PRESSED used once
4 symbols
389 symbols in table
